====================
Type='WRONG_OVERRIDE_RETURN', message='method returns @Nullable, but superclass method de.gurkenlabs.litiengine.entities.Entity.getLocation() returns @NonNull'
/home/nima/Developer/nullness-benchmarks/litiengine/src/de/gurkenlabs/litiengine/graphics/emitters/EntityEmitter.java:68
  @Nullable @Override
Log:
---NullAway.lambda$resolveRemainingErrors$17---
==============================
---NullAway.lambda$resolveRemainingErrors$17---
TOP LEVEL CALL TO FIX ERROR: Type='WRONG_OVERRIDE_RETURN', message='method returns @Nullable, but superclass method de.gurkenlabs.litiengine.entities.Entity.getLocation() returns @NonNull'
/home/nima/Developer/nullness-benchmarks/litiengine/src/de/gurkenlabs/litiengine/graphics/emitters/EntityEmitter.java:68
  @Nullable @Override
---NullAwayCodeFix.fix---
Fixing error: Type='WRONG_OVERRIDE_RETURN', message='method returns @Nullable, but superclass method de.gurkenlabs.litiengine.entities.Entity.getLocation() returns @NonNull'
/home/nima/Developer/nullness-benchmarks/litiengine/src/de/gurkenlabs/litiengine/graphics/emitters/EntityEmitter.java:68
  @Nullable @Override
---NullAwayCodeFix.resolveWrongOverrideReturnError---
Fixing wrong override return error.
---NullAwayCodeFix.resolveWrongOverrideReturnError---
Making the super method nullable.
---NullAwayCodeFix.resolveWrongOverrideReturnError---
Resolving triggered errors for making super method nullable.
---NullAwayCodeFix.fixTriggeredErrorsForLocation---
Fixing triggered errors for location: OnMethod{method='getLocation()', clazz='de.gurkenlabs.litiengine.graphics.emitters.EntityEmitter'}
---NullAwayCodeFix.getTriggeredErrorsFromLocation---
Impact not found, re-evaluating the location.
---NullAwayCodeFix.fixTriggeredErrorsForLocation---
Adding annotations for resolvable errors, size: 1
