====================
Type='WRONG_OVERRIDE_RETURN', message='method returns @Nullable, but superclass method de.gurkenlabs.litiengine.environment.tilemap.IMapObject.getPolygon() returns @NonNull'
/home/nima/Developer/nullness-benchmarks/litiengine/src/de/gurkenlabs/litiengine/environment/tilemap/xml/MapObject.java:209
  @Nullable
Log:
---NullAway.lambda$resolveRemainingErrors$17---
==============================
---NullAway.lambda$resolveRemainingErrors$17---
TOP LEVEL CALL TO FIX ERROR: Type='WRONG_OVERRIDE_RETURN', message='method returns @Nullable, but superclass method de.gurkenlabs.litiengine.environment.tilemap.IMapObject.getPolygon() returns @NonNull'
/home/nima/Developer/nullness-benchmarks/litiengine/src/de/gurkenlabs/litiengine/environment/tilemap/xml/MapObject.java:209
  @Nullable
---NullAwayCodeFix.fix---
Fixing error: Type='WRONG_OVERRIDE_RETURN', message='method returns @Nullable, but superclass method de.gurkenlabs.litiengine.environment.tilemap.IMapObject.getPolygon() returns @NonNull'
/home/nima/Developer/nullness-benchmarks/litiengine/src/de/gurkenlabs/litiengine/environment/tilemap/xml/MapObject.java:209
  @Nullable
---NullAwayCodeFix.resolveWrongOverrideReturnError---
Fixing wrong override return error.
---NullAwayCodeFix.resolveWrongOverrideReturnError---
Making the super method nullable.
---NullAwayCodeFix.resolveWrongOverrideReturnError---
Resolving triggered errors for making super method nullable.
---NullAwayCodeFix.fixTriggeredErrorsForLocation---
Fixing triggered errors for location: OnMethod{method='getPolygon()', clazz='de.gurkenlabs.litiengine.environment.tilemap.xml.MapObject'}
---NullAwayCodeFix.getTriggeredErrorsFromLocation---
Impact not found, re-evaluating the location.
---NullAwayCodeFix.fixTriggeredErrorsForLocation---
Adding annotations for resolvable errors, size: 0
