====================
Type='WRONG_OVERRIDE_RETURN', message='method returns @Nullable, but superclass method de.gurkenlabs.litiengine.environment.tilemap.IMapOrientation.getBounds(java.awt.Point,de.gurkenlabs.litiengine.environment.tilemap.IMap) returns @NonNull'
/home/nima/Developer/nullness-benchmarks/litiengine/src/de/gurkenlabs/litiengine/environment/tilemap/MapOrientations.java:101
    @Nullable
Log:
---NullAway.lambda$resolveRemainingErrors$17---
==============================
---NullAway.lambda$resolveRemainingErrors$17---
4 : TOP LEVEL CALL TO FIX ERROR: Type='WRONG_OVERRIDE_RETURN', message='method returns @Nullable, but superclass method de.gurkenlabs.litiengine.environment.tilemap.IMapOrientation.getBounds(java.awt.Point,de.gurkenlabs.litiengine.environment.tilemap.IMap) returns @NonNull'
/home/nima/Developer/nullness-benchmarks/litiengine/src/de/gurkenlabs/litiengine/environment/tilemap/MapOrientations.java:101
    @Nullable
---AdvancedNullAwayCodeFix.fix---
Fixing error: Type='WRONG_OVERRIDE_RETURN', message='method returns @Nullable, but superclass method de.gurkenlabs.litiengine.environment.tilemap.IMapOrientation.getBounds(java.awt.Point,de.gurkenlabs.litiengine.environment.tilemap.IMap) returns @NonNull'
/home/nima/Developer/nullness-benchmarks/litiengine/src/de/gurkenlabs/litiengine/environment/tilemap/MapOrientations.java:101
    @Nullable
---AdvancedNullAwayCodeFix.resolveWrongOverrideReturnError---
Fixing wrong override return error.
---AdvancedNullAwayCodeFix.resolveWrongOverrideReturnError---
Making the super method nullable.
---AdvancedNullAwayCodeFix.resolveWrongOverrideReturnError---
Resolving triggered errors for making super method nullable.
---AdvancedNullAwayCodeFix.fixTriggeredErrorsForLocation---
Fixing triggered errors for location: OnMethod{method='getBounds(java.awt.Point,de.gurkenlabs.litiengine.environment.tilemap.IMap)', clazz='de.gurkenlabs.litiengine.environment.tilemap.MapOrientations$Base'}
---AdvancedNullAwayCodeFix.getTriggeredErrorsFromLocation---
Impact not found, re-evaluating the location.
---AdvancedNullAwayCodeFix.fixTriggeredErrorsForLocation---
Triggered errors size: 0
---AdvancedNullAwayCodeFix.fixTriggeredErrorsForLocation---
Adding annotations for resolvable errors, size: 0
