====================
Type='WRONG_OVERRIDE_RETURN', message='method returns @Nullable, but superclass method de.gurkenlabs.litiengine.environment.tilemap.IMapOrientation.getBounds(java.awt.Point,de.gurkenlabs.litiengine.environment.tilemap.IMap) returns @NonNull'
/home/nima/Developer/nullness-benchmarks/litiengine/src/de/gurkenlabs/litiengine/environment/tilemap/MapOrientations.java:100
    @Nullable
Log:
---NullAway.lambda$resolveRemainingErrors$17---
==============================
---NullAway.lambda$resolveRemainingErrors$17---
TOP LEVEL CALL TO FIX ERROR: Type='WRONG_OVERRIDE_RETURN', message='method returns @Nullable, but superclass method de.gurkenlabs.litiengine.environment.tilemap.IMapOrientation.getBounds(java.awt.Point,de.gurkenlabs.litiengine.environment.tilemap.IMap) returns @NonNull'
/home/nima/Developer/nullness-benchmarks/litiengine/src/de/gurkenlabs/litiengine/environment/tilemap/MapOrientations.java:100
    @Nullable
---NullAwayCodeFix.fix---
Fixing error: Type='WRONG_OVERRIDE_RETURN', message='method returns @Nullable, but superclass method de.gurkenlabs.litiengine.environment.tilemap.IMapOrientation.getBounds(java.awt.Point,de.gurkenlabs.litiengine.environment.tilemap.IMap) returns @NonNull'
/home/nima/Developer/nullness-benchmarks/litiengine/src/de/gurkenlabs/litiengine/environment/tilemap/MapOrientations.java:100
    @Nullable
---NullAwayCodeFix.resolveWrongOverrideReturnError---
Fixing wrong override return error.
---NullAwayCodeFix.resolveWrongOverrideReturnError---
Making the super method nullable.
---NullAwayCodeFix.resolveWrongOverrideReturnError---
Resolving triggered errors for making super method nullable.
---NullAwayCodeFix.fixTriggeredErrorsForLocation---
Fixing triggered errors for location: OnMethod{method='getBounds(java.awt.Point,de.gurkenlabs.litiengine.environment.tilemap.IMap)', clazz='de.gurkenlabs.litiengine.environment.tilemap.MapOrientations$Base'}
---NullAwayCodeFix.getTriggeredErrorsFromLocation---
Impact not found, re-evaluating the location.
---NullAwayCodeFix.fixTriggeredErrorsForLocation---
Adding annotations for resolvable errors, size: 0
