====================
Type='FIELD_NO_INIT', message='@NonNull static field gameLoop not initialized'
/home/nima/Developer/nullness-benchmarks/litiengine/src/de/gurkenlabs/litiengine/Game.java:86
  private static GameLoop gameLoop;
Log:
---NullAway.lambda$resolveRemainingErrors$17---
==============================
---NullAway.lambda$resolveRemainingErrors$17---
TOP LEVEL CALL TO FIX ERROR: Type='FIELD_NO_INIT', message='@NonNull static field gameLoop not initialized'
/home/nima/Developer/nullness-benchmarks/litiengine/src/de/gurkenlabs/litiengine/Game.java:86
  private static GameLoop gameLoop;
---AdvancedNullAwayCodeFix.fix---
Fixing error: Type='FIELD_NO_INIT', message='@NonNull static field gameLoop not initialized'
/home/nima/Developer/nullness-benchmarks/litiengine/src/de/gurkenlabs/litiengine/Game.java:86
  private static GameLoop gameLoop;
---NullAway.lambda$resolveRemainingErrors$17---
--------Exception occurred in computing fix--------
java.lang.RuntimeException: Error message for initializer error not recognized in version 4: @NonNull static field gameLoop not initialized
	at edu.ucr.cs.riple.core.checkers.nullaway.NullAwayError.getUninitializedFieldsFromErrorMessage(NullAwayError.java:223) ~[main/:?]
	at edu.ucr.cs.riple.core.checkers.nullaway.codefix.AdvancedNullAwayCodeFix.resolveUninitializedField(AdvancedNullAwayCodeFix.java:265) ~[main/:?]
	at edu.ucr.cs.riple.core.checkers.nullaway.codefix.AdvancedNullAwayCodeFix.fix(AdvancedNullAwayCodeFix.java:113) ~[main/:?]
	at edu.ucr.cs.riple.core.checkers.nullaway.NullAway.lambda$resolveRemainingErrors$17(NullAway.java:409) ~[main/:?]
	at java.base/java.util.ArrayList.forEach(ArrayList.java:1541) ~[?:?]
	at edu.ucr.cs.riple.core.checkers.nullaway.NullAway.lambda$resolveRemainingErrors$18(NullAway.java:393) ~[main/:?]
	at java.base/java.util.HashMap.forEach(HashMap.java:1337) [?:?]
	at edu.ucr.cs.riple.core.checkers.nullaway.NullAway.resolveRemainingErrors(NullAway.java:391) [main/:?]
	at edu.ucr.cs.riple.core.Annotator.annotate(Annotator.java:130) [main/:?]
	at edu.ucr.cs.riple.core.Annotator.start(Annotator.java:87) [main/:?]
	at edu.ucr.cs.riple.core.Main.main(Main.java:154) [main/:?]
